[1571472857] 13 11 13 14 
[1571472858] 23 26 24 31 
[1571472859] 26 29 25 35 
[1571472860] 17 12 14 15 
[1571472861] 13  8 14 11 
[1571472862] 17 19 19 19 
[1571472863] 15 17 12 13 
[1571472865] 13 15 16 15 
[1571472866] 18 18 14 20 
[1571472867]  8 14 11 11 
[1571472868] 11 10 15  8 
[1571472869] 18 17 16 18 
[1571472870] 21 24 23 20 
[1571472871] 10 12 12 14 
[1571472872] 12  7 12 15 
[1571472873] 18 17 18 16 
[1571472874] 10 14 11  8 
[1571472875] 13 12 15 13 
[1571472876] 22 16 17 18 
[1571472877] 14 15 12 12 
[1571472878] 11 14 12 13 
[1571472879] 22 23 19 19 
[1571472880] 18 13 19 15 
[1571472881] 11 14 10  6 
[1571472882] 20 20 22 20 
[1571472883] 28 28 24 37 
[1571472884] 13 12 17 24 
[1571472885] 23 18 20 20 
[1571472886] 14 12 16 14 
[1571472887] 11 11 11  9 
[1571472889] 14 14 20 15 
[1571472890] 28 30 23 25 
[1571472891] 33 25 23 23 
[1571472892] 15 19 17 15 
[1571472893] 40 28 32 53 
[1571472894] 71 67 74 71 
[1571472895] 38 35 33 30 
[1571472896] 43 41 40 39 
[1571472897] 39 35 36 32 
[1571472898] 28 31 34 33 
[1571472899] 44 49 49 47 
[1571472900] 38 25 37 33 
[1571472901] 31 36 35 33 
[1571472902] 56 48 52 55 
[1571472903] 56 51 60 49 
[1571472904] 78 50 32 38 
[1571472905] 59 57 65 52 
[1571472906] 59 82 71 68 
[1571472907] 82 80 89 86 
[1571472908] 84 90 82 94 
[1571472909] 85 98 87 91 
[1571472910] 60 58 67 73 
[1571472911] 79 96 82 75 
[1571472913] 91 97 94 96 
[1571472914] 92 81 88 97 
[1571472915] 96 92 92 93 
[1571472916] 98 93 93 97 
[1571472917] 86 81 96 82 
[1571472918] 72 75 95 79 
[1571472919] 72 65 82 74 
[1571472920] 85 98 91 86 
[1571472921] 86 93 98 91 
[1571472922] 96 96 96 94 
[1571472923] 96 96 89 97 
[1571472924] 78 70 80 69 
[1571472925] 87 94 90 91 
[1571472926] 93 93 94 96 
[1571472927] 98 94 95 94 
[1571472928] 78 88 74 74 
[1571472929] 42 43 68 37 
[1571472930] 33 32 40 41 
[1571472931] 40 52 37 34 
[1571472932] 29 27 32 36 
[1571472933] 18 20 23 19 
[1571472934] 26 20 18 17 
[1571472935] 30 25 29 34 
[1571472936] 15 10 15 13 
[1571472937] 16 15 13 18 
[1571472939] 28 34 29 33 
[1571472940] 13 16 11 13 
[1571472941]  8 13 12  6 
[1571472942] 20 23 19 16 
[1571472943] 17 12 13 13 
[1571472944] 14 14 13 19 
[1571472945] 18 13 15 22 
[1571472946] 16 11 20 18 
[1571472947] 12 12 10 16 
[1571472948] 14 14 12 13 
[1571472949] 30 33 30 29 
[1571472950] 43 34 42 38 
[1571472951] 44 32 37 37 
[1571472952] 48 32 30 32 
